Build output check failed:
    Regex: 'argument .* is not valid'
    Output line: 'cc1: warning: ‘-Werror=’ argument ‘-Werror=non-virtual-dtor’ is not valid for C'
Compilation failed:
    source file: '/home/arseniy/opencv_masks/effect_sandbox/build/build-opencv-prefix/src/build-opencv-build/CMakeFiles/CMakeTmp/src.c'
    check option: ' -fsigned-char -W -Wall -Werror=return-type  -Werror=non-virtual-dtor'
===== BUILD LOG =====
Change Dir: /home/arseniy/opencv_masks/effect_sandbox/build/build-opencv-prefix/src/build-opencv-build/CMakeFiles/CMakeTmp

Run Build Command(s):/usr/bin/make cmTC_d3fde/fast && make[3]: вход в каталог «/home/arseniy/opencv_masks/effect_sandbox/build/build-opencv-prefix/src/build-opencv-build/CMakeFiles/CMakeTmp»
/usr/bin/make -f CMakeFiles/cmTC_d3fde.dir/build.make CMakeFiles/cmTC_d3fde.dir/build
make[4]: вход в каталог «/home/arseniy/opencv_masks/effect_sandbox/build/build-opencv-prefix/src/build-opencv-build/CMakeFiles/CMakeTmp»
Building C object CMakeFiles/cmTC_d3fde.dir/src.c.o
/usr/bin/cc   -O3 -DNDEBUG -fPIE    -fsigned-char -W -Wall -Werror=return-type  -Werror=non-virtual-dtor -o CMakeFiles/cmTC_d3fde.dir/src.c.o   -c /home/arseniy/opencv_masks/effect_sandbox/build/build-opencv-prefix/src/build-opencv-build/CMakeFiles/CMakeTmp/src.c
cc1: warning: ‘-Werror=’ argument ‘-Werror=non-virtual-dtor’ is not valid for C
/home/arseniy/opencv_masks/effect_sandbox/build/build-opencv-prefix/src/build-opencv-build/CMakeFiles/CMakeTmp/src.c:1: warning: ignoring #pragma   [-Wunknown-pragmas]
    1 | #pragma
      | 
Linking C executable cmTC_d3fde
/usr/bin/cmake -E cmake_link_script CMakeFiles/cmTC_d3fde.dir/link.txt --verbose=1
/usr/bin/cc   -O3 -DNDEBUG    CMakeFiles/cmTC_d3fde.dir/src.c.o  -o cmTC_d3fde 
make[4]: выход из каталога «/home/arseniy/opencv_masks/effect_sandbox/build/build-opencv-prefix/src/build-opencv-build/CMakeFiles/CMakeTmp»
make[3]: выход из каталога «/home/arseniy/opencv_masks/effect_sandbox/build/build-opencv-prefix/src/build-opencv-build/CMakeFiles/CMakeTmp»


===== END =====

Build output check failed:
    Regex: 'command[- ]line option .* is valid for .* but not for C\+\+'
    Output line: 'cc1plus: warning: command line option ‘-Wmissing-prototypes’ is valid for C/ObjC but not for C++'
Compilation failed:
    source file: '/home/arseniy/opencv_masks/effect_sandbox/build/build-opencv-prefix/src/build-opencv-build/CMakeFiles/CMakeTmp/src.cxx'
    check option: ' -fsigned-char -W -Wall -Werror=return-type -Werror=non-virtual-dtor -Werror=address -Werror=sequence-point -Wformat -Werror=format-security -Wmissing-declarations  -Wmissing-prototypes'
===== BUILD LOG =====
Change Dir: /home/arseniy/opencv_masks/effect_sandbox/build/build-opencv-prefix/src/build-opencv-build/CMakeFiles/CMakeTmp

Run Build Command(s):/usr/bin/make cmTC_cffe4/fast && make[3]: вход в каталог «/home/arseniy/opencv_masks/effect_sandbox/build/build-opencv-prefix/src/build-opencv-build/CMakeFiles/CMakeTmp»
/usr/bin/make -f CMakeFiles/cmTC_cffe4.dir/build.make CMakeFiles/cmTC_cffe4.dir/build
make[4]: вход в каталог «/home/arseniy/opencv_masks/effect_sandbox/build/build-opencv-prefix/src/build-opencv-build/CMakeFiles/CMakeTmp»
Building CXX object CMakeFiles/cmTC_cffe4.dir/src.cxx.o
/usr/bin/c++    -O3 -DNDEBUG -fPIE    -fsigned-char -W -Wall -Werror=return-type -Werror=non-virtual-dtor -Werror=address -Werror=sequence-point -Wformat -Werror=format-security -Wmissing-declarations  -Wmissing-prototypes -std=c++11 -o CMakeFiles/cmTC_cffe4.dir/src.cxx.o -c /home/arseniy/opencv_masks/effect_sandbox/build/build-opencv-prefix/src/build-opencv-build/CMakeFiles/CMakeTmp/src.cxx
cc1plus: warning: command line option ‘-Wmissing-prototypes’ is valid for C/ObjC but not for C++
/home/arseniy/opencv_masks/effect_sandbox/build/build-opencv-prefix/src/build-opencv-build/CMakeFiles/CMakeTmp/src.cxx:1: warning: ignoring #pragma   [-Wunknown-pragmas]
    1 | #pragma
      | 
Linking CXX executable cmTC_cffe4
/usr/bin/cmake -E cmake_link_script CMakeFiles/cmTC_cffe4.dir/link.txt --verbose=1
/usr/bin/c++    -O3 -DNDEBUG    CMakeFiles/cmTC_cffe4.dir/src.cxx.o  -o cmTC_cffe4 
make[4]: выход из каталога «/home/arseniy/opencv_masks/effect_sandbox/build/build-opencv-prefix/src/build-opencv-build/CMakeFiles/CMakeTmp»
make[3]: выход из каталога «/home/arseniy/opencv_masks/effect_sandbox/build/build-opencv-prefix/src/build-opencv-build/CMakeFiles/CMakeTmp»


===== END =====

Build output check failed:
    Regex: 'command[- ]line option .* is valid for .* but not for C\+\+'
    Output line: 'cc1plus: warning: command line option ‘-Wstrict-prototypes’ is valid for C/ObjC but not for C++'
Compilation failed:
    source file: '/home/arseniy/opencv_masks/effect_sandbox/build/build-opencv-prefix/src/build-opencv-build/CMakeFiles/CMakeTmp/src.cxx'
    check option: ' -fsigned-char -W -Wall -Werror=return-type -Werror=non-virtual-dtor -Werror=address -Werror=sequence-point -Wformat -Werror=format-security -Wmissing-declarations  -Wstrict-prototypes'
===== BUILD LOG =====
Change Dir: /home/arseniy/opencv_masks/effect_sandbox/build/build-opencv-prefix/src/build-opencv-build/CMakeFiles/CMakeTmp

Run Build Command(s):/usr/bin/make cmTC_053b7/fast && make[3]: вход в каталог «/home/arseniy/opencv_masks/effect_sandbox/build/build-opencv-prefix/src/build-opencv-build/CMakeFiles/CMakeTmp»
/usr/bin/make -f CMakeFiles/cmTC_053b7.dir/build.make CMakeFiles/cmTC_053b7.dir/build
make[4]: вход в каталог «/home/arseniy/opencv_masks/effect_sandbox/build/build-opencv-prefix/src/build-opencv-build/CMakeFiles/CMakeTmp»
Building CXX object CMakeFiles/cmTC_053b7.dir/src.cxx.o
/usr/bin/c++    -O3 -DNDEBUG -fPIE    -fsigned-char -W -Wall -Werror=return-type -Werror=non-virtual-dtor -Werror=address -Werror=sequence-point -Wformat -Werror=format-security -Wmissing-declarations  -Wstrict-prototypes -std=c++11 -o CMakeFiles/cmTC_053b7.dir/src.cxx.o -c /home/arseniy/opencv_masks/effect_sandbox/build/build-opencv-prefix/src/build-opencv-build/CMakeFiles/CMakeTmp/src.cxx
cc1plus: warning: command line option ‘-Wstrict-prototypes’ is valid for C/ObjC but not for C++
/home/arseniy/opencv_masks/effect_sandbox/build/build-opencv-prefix/src/build-opencv-build/CMakeFiles/CMakeTmp/src.cxx:1: warning: ignoring #pragma   [-Wunknown-pragmas]
    1 | #pragma
      | 
Linking CXX executable cmTC_053b7
/usr/bin/cmake -E cmake_link_script CMakeFiles/cmTC_053b7.dir/link.txt --verbose=1
/usr/bin/c++    -O3 -DNDEBUG    CMakeFiles/cmTC_053b7.dir/src.cxx.o  -o cmTC_053b7 
make[4]: выход из каталога «/home/arseniy/opencv_masks/effect_sandbox/build/build-opencv-prefix/src/build-opencv-build/CMakeFiles/CMakeTmp»
make[3]: выход из каталога «/home/arseniy/opencv_masks/effect_sandbox/build/build-opencv-prefix/src/build-opencv-build/CMakeFiles/CMakeTmp»


===== END =====

Build output check failed:
    Regex: 'command[- ]line option .* is valid for .* but not for C'
    Output line: 'cc1: warning: command line option ‘-Wsign-promo’ is valid for C++/ObjC++ but not for C'
Compilation failed:
    source file: '/home/arseniy/opencv_masks/effect_sandbox/build/build-opencv-prefix/src/build-opencv-build/CMakeFiles/CMakeTmp/src.c'
    check option: ' -fsigned-char -W -Wall -Werror=return-type -Werror=address -Werror=sequence-point -Wformat -Werror=format-security -Wmissing-declarations -Wmissing-prototypes -Wstrict-prototypes -Wundef -Winit-self -Wpointer-arith -Wshadow  -Wsign-promo'
===== BUILD LOG =====
Change Dir: /home/arseniy/opencv_masks/effect_sandbox/build/build-opencv-prefix/src/build-opencv-build/CMakeFiles/CMakeTmp

Run Build Command(s):/usr/bin/make cmTC_404ac/fast && make[3]: вход в каталог «/home/arseniy/opencv_masks/effect_sandbox/build/build-opencv-prefix/src/build-opencv-build/CMakeFiles/CMakeTmp»
/usr/bin/make -f CMakeFiles/cmTC_404ac.dir/build.make CMakeFiles/cmTC_404ac.dir/build
make[4]: вход в каталог «/home/arseniy/opencv_masks/effect_sandbox/build/build-opencv-prefix/src/build-opencv-build/CMakeFiles/CMakeTmp»
Building C object CMakeFiles/cmTC_404ac.dir/src.c.o
/usr/bin/cc   -O3 -DNDEBUG -fPIE    -fsigned-char -W -Wall -Werror=return-type -Werror=address -Werror=sequence-point -Wformat -Werror=format-security -Wmissing-declarations -Wmissing-prototypes -Wstrict-prototypes -Wundef -Winit-self -Wpointer-arith -Wshadow  -Wsign-promo -o CMakeFiles/cmTC_404ac.dir/src.c.o   -c /home/arseniy/opencv_masks/effect_sandbox/build/build-opencv-prefix/src/build-opencv-build/CMakeFiles/CMakeTmp/src.c
cc1: warning: command line option ‘-Wsign-promo’ is valid for C++/ObjC++ but not for C
/home/arseniy/opencv_masks/effect_sandbox/build/build-opencv-prefix/src/build-opencv-build/CMakeFiles/CMakeTmp/src.c:1: warning: ignoring #pragma   [-Wunknown-pragmas]
    1 | #pragma
      | 
Linking C executable cmTC_404ac
/usr/bin/cmake -E cmake_link_script CMakeFiles/cmTC_404ac.dir/link.txt --verbose=1
/usr/bin/cc   -O3 -DNDEBUG    CMakeFiles/cmTC_404ac.dir/src.c.o  -o cmTC_404ac 
make[4]: выход из каталога «/home/arseniy/opencv_masks/effect_sandbox/build/build-opencv-prefix/src/build-opencv-build/CMakeFiles/CMakeTmp»
make[3]: выход из каталога «/home/arseniy/opencv_masks/effect_sandbox/build/build-opencv-prefix/src/build-opencv-build/CMakeFiles/CMakeTmp»


===== END =====

Build output check failed:
    Regex: 'command[- ]line option .* is valid for .* but not for C'
    Output line: 'cc1: warning: command line option ‘-Wsuggest-override’ is valid for C++/ObjC++ but not for C'
Compilation failed:
    source file: '/home/arseniy/opencv_masks/effect_sandbox/build/build-opencv-prefix/src/build-opencv-build/CMakeFiles/CMakeTmp/src.c'
    check option: ' -fsigned-char -W -Wall -Werror=return-type -Werror=address -Werror=sequence-point -Wformat -Werror=format-security -Wmissing-declarations -Wmissing-prototypes -Wstrict-prototypes -Wundef -Winit-self -Wpointer-arith -Wshadow -Wuninitialized  -Wsuggest-override'
===== BUILD LOG =====
Change Dir: /home/arseniy/opencv_masks/effect_sandbox/build/build-opencv-prefix/src/build-opencv-build/CMakeFiles/CMakeTmp

Run Build Command(s):/usr/bin/make cmTC_f56d7/fast && make[3]: вход в каталог «/home/arseniy/opencv_masks/effect_sandbox/build/build-opencv-prefix/src/build-opencv-build/CMakeFiles/CMakeTmp»
/usr/bin/make -f CMakeFiles/cmTC_f56d7.dir/build.make CMakeFiles/cmTC_f56d7.dir/build
make[4]: вход в каталог «/home/arseniy/opencv_masks/effect_sandbox/build/build-opencv-prefix/src/build-opencv-build/CMakeFiles/CMakeTmp»
Building C object CMakeFiles/cmTC_f56d7.dir/src.c.o
/usr/bin/cc   -O3 -DNDEBUG -fPIE    -fsigned-char -W -Wall -Werror=return-type -Werror=address -Werror=sequence-point -Wformat -Werror=format-security -Wmissing-declarations -Wmissing-prototypes -Wstrict-prototypes -Wundef -Winit-self -Wpointer-arith -Wshadow -Wuninitialized  -Wsuggest-override -o CMakeFiles/cmTC_f56d7.dir/src.c.o   -c /home/arseniy/opencv_masks/effect_sandbox/build/build-opencv-prefix/src/build-opencv-build/CMakeFiles/CMakeTmp/src.c
cc1: warning: command line option ‘-Wsuggest-override’ is valid for C++/ObjC++ but not for C
/home/arseniy/opencv_masks/effect_sandbox/build/build-opencv-prefix/src/build-opencv-build/CMakeFiles/CMakeTmp/src.c:1: warning: ignoring #pragma   [-Wunknown-pragmas]
    1 | #pragma
      | 
Linking C executable cmTC_f56d7
/usr/bin/cmake -E cmake_link_script CMakeFiles/cmTC_f56d7.dir/link.txt --verbose=1
/usr/bin/cc   -O3 -DNDEBUG    CMakeFiles/cmTC_f56d7.dir/src.c.o  -o cmTC_f56d7 
make[4]: выход из каталога «/home/arseniy/opencv_masks/effect_sandbox/build/build-opencv-prefix/src/build-opencv-build/CMakeFiles/CMakeTmp»
make[3]: выход из каталога «/home/arseniy/opencv_masks/effect_sandbox/build/build-opencv-prefix/src/build-opencv-build/CMakeFiles/CMakeTmp»


===== END =====

Build output check failed:
    Regex: 'command[- ]line option .* is valid for .* but not for C'
    Output line: 'cc1: warning: command line option ‘-Wno-delete-non-virtual-dtor’ is valid for C++/ObjC++ but not for C'
Compilation failed:
    source file: '/home/arseniy/opencv_masks/effect_sandbox/build/build-opencv-prefix/src/build-opencv-build/CMakeFiles/CMakeTmp/src.c'
    check option: ' -fsigned-char -W -Wall -Werror=return-type -Werror=address -Werror=sequence-point -Wformat -Werror=format-security -Wmissing-declarations -Wmissing-prototypes -Wstrict-prototypes -Wundef -Winit-self -Wpointer-arith -Wshadow -Wuninitialized  -Wno-delete-non-virtual-dtor'
===== BUILD LOG =====
Change Dir: /home/arseniy/opencv_masks/effect_sandbox/build/build-opencv-prefix/src/build-opencv-build/CMakeFiles/CMakeTmp

Run Build Command(s):/usr/bin/make cmTC_b80c1/fast && make[3]: вход в каталог «/home/arseniy/opencv_masks/effect_sandbox/build/build-opencv-prefix/src/build-opencv-build/CMakeFiles/CMakeTmp»
/usr/bin/make -f CMakeFiles/cmTC_b80c1.dir/build.make CMakeFiles/cmTC_b80c1.dir/build
make[4]: вход в каталог «/home/arseniy/opencv_masks/effect_sandbox/build/build-opencv-prefix/src/build-opencv-build/CMakeFiles/CMakeTmp»
Building C object CMakeFiles/cmTC_b80c1.dir/src.c.o
/usr/bin/cc   -O3 -DNDEBUG -fPIE    -fsigned-char -W -Wall -Werror=return-type -Werror=address -Werror=sequence-point -Wformat -Werror=format-security -Wmissing-declarations -Wmissing-prototypes -Wstrict-prototypes -Wundef -Winit-self -Wpointer-arith -Wshadow -Wuninitialized  -Wno-delete-non-virtual-dtor -o CMakeFiles/cmTC_b80c1.dir/src.c.o   -c /home/arseniy/opencv_masks/effect_sandbox/build/build-opencv-prefix/src/build-opencv-build/CMakeFiles/CMakeTmp/src.c
cc1: warning: command line option ‘-Wno-delete-non-virtual-dtor’ is valid for C++/ObjC++ but not for C
/home/arseniy/opencv_masks/effect_sandbox/build/build-opencv-prefix/src/build-opencv-build/CMakeFiles/CMakeTmp/src.c:1: warning: ignoring #pragma   [-Wunknown-pragmas]
    1 | #pragma
      | 
Linking C executable cmTC_b80c1
/usr/bin/cmake -E cmake_link_script CMakeFiles/cmTC_b80c1.dir/link.txt --verbose=1
/usr/bin/cc   -O3 -DNDEBUG    CMakeFiles/cmTC_b80c1.dir/src.c.o  -o cmTC_b80c1 
make[4]: выход из каталога «/home/arseniy/opencv_masks/effect_sandbox/build/build-opencv-prefix/src/build-opencv-build/CMakeFiles/CMakeTmp»
make[3]: выход из каталога «/home/arseniy/opencv_masks/effect_sandbox/build/build-opencv-prefix/src/build-opencv-build/CMakeFiles/CMakeTmp»


===== END =====

Build output check failed:
    Regex: 'unrecognized .*option'
    Output line: 'cc1plus: warning: unrecognized command line option ‘-Wno-unnamed-type-template-args’'
Compilation failed:
    source file: '/home/arseniy/opencv_masks/effect_sandbox/build/build-opencv-prefix/src/build-opencv-build/CMakeFiles/CMakeTmp/src.cxx'
    check option: ' -fsigned-char -W -Wall -Werror=return-type -Werror=non-virtual-dtor -Werror=address -Werror=sequence-point -Wformat -Werror=format-security -Wmissing-declarations -Wundef -Winit-self -Wpointer-arith -Wshadow -Wsign-promo -Wuninitialized -Wsuggest-override -Wno-delete-non-virtual-dtor  -Wno-unnamed-type-template-args'
===== BUILD LOG =====
Change Dir: /home/arseniy/opencv_masks/effect_sandbox/build/build-opencv-prefix/src/build-opencv-build/CMakeFiles/CMakeTmp

Run Build Command(s):/usr/bin/make cmTC_c587a/fast && make[3]: вход в каталог «/home/arseniy/opencv_masks/effect_sandbox/build/build-opencv-prefix/src/build-opencv-build/CMakeFiles/CMakeTmp»
/usr/bin/make -f CMakeFiles/cmTC_c587a.dir/build.make CMakeFiles/cmTC_c587a.dir/build
make[4]: вход в каталог «/home/arseniy/opencv_masks/effect_sandbox/build/build-opencv-prefix/src/build-opencv-build/CMakeFiles/CMakeTmp»
Building CXX object CMakeFiles/cmTC_c587a.dir/src.cxx.o
/usr/bin/c++    -O3 -DNDEBUG -fPIE    -fsigned-char -W -Wall -Werror=return-type -Werror=non-virtual-dtor -Werror=address -Werror=sequence-point -Wformat -Werror=format-security -Wmissing-declarations -Wundef -Winit-self -Wpointer-arith -Wshadow -Wsign-promo -Wuninitialized -Wsuggest-override -Wno-delete-non-virtual-dtor  -Wno-unnamed-type-template-args -std=c++11 -o CMakeFiles/cmTC_c587a.dir/src.cxx.o -c /home/arseniy/opencv_masks/effect_sandbox/build/build-opencv-prefix/src/build-opencv-build/CMakeFiles/CMakeTmp/src.cxx
/home/arseniy/opencv_masks/effect_sandbox/build/build-opencv-prefix/src/build-opencv-build/CMakeFiles/CMakeTmp/src.cxx:1: warning: ignoring #pragma   [-Wunknown-pragmas]
    1 | #pragma
      | 
cc1plus: warning: unrecognized command line option ‘-Wno-unnamed-type-template-args’
Linking CXX executable cmTC_c587a
/usr/bin/cmake -E cmake_link_script CMakeFiles/cmTC_c587a.dir/link.txt --verbose=1
/usr/bin/c++    -O3 -DNDEBUG    CMakeFiles/cmTC_c587a.dir/src.cxx.o  -o cmTC_c587a 
make[4]: выход из каталога «/home/arseniy/opencv_masks/effect_sandbox/build/build-opencv-prefix/src/build-opencv-build/CMakeFiles/CMakeTmp»
make[3]: выход из каталога «/home/arseniy/opencv_masks/effect_sandbox/build/build-opencv-prefix/src/build-opencv-build/CMakeFiles/CMakeTmp»


===== END =====

Build output check failed:
    Regex: 'unrecognized .*option'
    Output line: 'cc1: warning: unrecognized command line option ‘-Wno-unnamed-type-template-args’'
Compilation failed:
    source file: '/home/arseniy/opencv_masks/effect_sandbox/build/build-opencv-prefix/src/build-opencv-build/CMakeFiles/CMakeTmp/src.c'
    check option: ' -fsigned-char -W -Wall -Werror=return-type -Werror=address -Werror=sequence-point -Wformat -Werror=format-security -Wmissing-declarations -Wmissing-prototypes -Wstrict-prototypes -Wundef -Winit-self -Wpointer-arith -Wshadow -Wuninitialized  -Wno-unnamed-type-template-args'
===== BUILD LOG =====
Change Dir: /home/arseniy/opencv_masks/effect_sandbox/build/build-opencv-prefix/src/build-opencv-build/CMakeFiles/CMakeTmp

Run Build Command(s):/usr/bin/make cmTC_98285/fast && make[3]: вход в каталог «/home/arseniy/opencv_masks/effect_sandbox/build/build-opencv-prefix/src/build-opencv-build/CMakeFiles/CMakeTmp»
/usr/bin/make -f CMakeFiles/cmTC_98285.dir/build.make CMakeFiles/cmTC_98285.dir/build
make[4]: вход в каталог «/home/arseniy/opencv_masks/effect_sandbox/build/build-opencv-prefix/src/build-opencv-build/CMakeFiles/CMakeTmp»
Building C object CMakeFiles/cmTC_98285.dir/src.c.o
/usr/bin/cc   -O3 -DNDEBUG -fPIE    -fsigned-char -W -Wall -Werror=return-type -Werror=address -Werror=sequence-point -Wformat -Werror=format-security -Wmissing-declarations -Wmissing-prototypes -Wstrict-prototypes -Wundef -Winit-self -Wpointer-arith -Wshadow -Wuninitialized  -Wno-unnamed-type-template-args -o CMakeFiles/cmTC_98285.dir/src.c.o   -c /home/arseniy/opencv_masks/effect_sandbox/build/build-opencv-prefix/src/build-opencv-build/CMakeFiles/CMakeTmp/src.c
/home/arseniy/opencv_masks/effect_sandbox/build/build-opencv-prefix/src/build-opencv-build/CMakeFiles/CMakeTmp/src.c:1: warning: ignoring #pragma   [-Wunknown-pragmas]
    1 | #pragma
      | 
cc1: warning: unrecognized command line option ‘-Wno-unnamed-type-template-args’
Linking C executable cmTC_98285
/usr/bin/cmake -E cmake_link_script CMakeFiles/cmTC_98285.dir/link.txt --verbose=1
/usr/bin/cc   -O3 -DNDEBUG    CMakeFiles/cmTC_98285.dir/src.c.o  -o cmTC_98285 
make[4]: выход из каталога «/home/arseniy/opencv_masks/effect_sandbox/build/build-opencv-prefix/src/build-opencv-build/CMakeFiles/CMakeTmp»
make[3]: выход из каталога «/home/arseniy/opencv_masks/effect_sandbox/build/build-opencv-prefix/src/build-opencv-build/CMakeFiles/CMakeTmp»


===== END =====

Build output check failed:
    Regex: 'command[- ]line option .* is valid for .* but not for C'
    Output line: 'cc1: warning: command line option ‘-fvisibility-inlines-hidden’ is valid for C++/ObjC++ but not for C'
Compilation failed:
    source file: '/home/arseniy/opencv_masks/effect_sandbox/build/build-opencv-prefix/src/build-opencv-build/CMakeFiles/CMakeTmp/src.c'
    check option: ' -fsigned-char -W -Wall -Werror=return-type -Werror=address -Werror=sequence-point -Wformat -Werror=format-security -Wmissing-declarations -Wmissing-prototypes -Wstrict-prototypes -Wundef -Winit-self -Wpointer-arith -Wshadow -Wuninitialized -Wno-comment -Wimplicit-fallthrough=3 -Wno-strict-overflow -fdiagnostics-show-option -Wno-long-long -pthread -fomit-frame-pointer -ffunction-sections -fdata-sections  -msse -msse2 -msse3 -mssse3 -msse4.1 -mpopcnt -msse4.2 -mf16c -mfma -mavx -mavx2 -fvisibility=hidden  -fvisibility-inlines-hidden'
===== BUILD LOG =====
Change Dir: /home/arseniy/opencv_masks/effect_sandbox/build/build-opencv-prefix/src/build-opencv-build/CMakeFiles/CMakeTmp

Run Build Command(s):/usr/bin/make cmTC_f1a66/fast && make[3]: вход в каталог «/home/arseniy/opencv_masks/effect_sandbox/build/build-opencv-prefix/src/build-opencv-build/CMakeFiles/CMakeTmp»
/usr/bin/make -f CMakeFiles/cmTC_f1a66.dir/build.make CMakeFiles/cmTC_f1a66.dir/build
make[4]: вход в каталог «/home/arseniy/opencv_masks/effect_sandbox/build/build-opencv-prefix/src/build-opencv-build/CMakeFiles/CMakeTmp»
Building C object CMakeFiles/cmTC_f1a66.dir/src.c.o
/usr/bin/cc   -O3 -DNDEBUG -fPIE    -fsigned-char -W -Wall -Werror=return-type -Werror=address -Werror=sequence-point -Wformat -Werror=format-security -Wmissing-declarations -Wmissing-prototypes -Wstrict-prototypes -Wundef -Winit-self -Wpointer-arith -Wshadow -Wuninitialized -Wno-comment -Wimplicit-fallthrough=3 -Wno-strict-overflow -fdiagnostics-show-option -Wno-long-long -pthread -fomit-frame-pointer -ffunction-sections -fdata-sections  -msse -msse2 -msse3 -mssse3 -msse4.1 -mpopcnt -msse4.2 -mf16c -mfma -mavx -mavx2 -fvisibility=hidden  -fvisibility-inlines-hidden -o CMakeFiles/cmTC_f1a66.dir/src.c.o   -c /home/arseniy/opencv_masks/effect_sandbox/build/build-opencv-prefix/src/build-opencv-build/CMakeFiles/CMakeTmp/src.c
cc1: warning: command line option ‘-fvisibility-inlines-hidden’ is valid for C++/ObjC++ but not for C
/home/arseniy/opencv_masks/effect_sandbox/build/build-opencv-prefix/src/build-opencv-build/CMakeFiles/CMakeTmp/src.c:1: warning: ignoring #pragma   [-Wunknown-pragmas]
    1 | #pragma
      | 
Linking C executable cmTC_f1a66
/usr/bin/cmake -E cmake_link_script CMakeFiles/cmTC_f1a66.dir/link.txt --verbose=1
/usr/bin/cc   -O3 -DNDEBUG    CMakeFiles/cmTC_f1a66.dir/src.c.o  -o cmTC_f1a66 
make[4]: выход из каталога «/home/arseniy/opencv_masks/effect_sandbox/build/build-opencv-prefix/src/build-opencv-build/CMakeFiles/CMakeTmp»
make[3]: выход из каталога «/home/arseniy/opencv_masks/effect_sandbox/build/build-opencv-prefix/src/build-opencv-build/CMakeFiles/CMakeTmp»


===== END =====

Determining size of off64_t failed with the following output:
Change Dir: /home/arseniy/opencv_masks/effect_sandbox/build/build-opencv-prefix/src/build-opencv-build/CMakeFiles/CMakeTmp

Run Build Command(s):/usr/bin/make cmTC_8fab8/fast && make[3]: вход в каталог «/home/arseniy/opencv_masks/effect_sandbox/build/build-opencv-prefix/src/build-opencv-build/CMakeFiles/CMakeTmp»
/usr/bin/make -f CMakeFiles/cmTC_8fab8.dir/build.make CMakeFiles/cmTC_8fab8.dir/build
make[4]: вход в каталог «/home/arseniy/opencv_masks/effect_sandbox/build/build-opencv-prefix/src/build-opencv-build/CMakeFiles/CMakeTmp»
Building C object CMakeFiles/cmTC_8fab8.dir/OFF64_T.c.o
/usr/bin/cc   -fsigned-char -W -Wall -Werror=return-type -Werror=address -Werror=sequence-point -Wformat -Werror=format-security -Wmissing-declarations -Wmissing-prototypes -Wstrict-prototypes -Wundef -Winit-self -Wpointer-arith -Wshadow -Wuninitialized -Wno-comment -Wimplicit-fallthrough=3 -Wno-strict-overflow -fdiagnostics-show-option -Wno-long-long -pthread -fomit-frame-pointer -ffunction-sections -fdata-sections  -msse -msse2 -msse3 -mssse3 -msse4.1 -mpopcnt -msse4.2 -mf16c -mfma -mavx -mavx2 -fvisibility=hidden  -O3 -DNDEBUG  -DNDEBUG -fPIE   -o CMakeFiles/cmTC_8fab8.dir/OFF64_T.c.o   -c /home/arseniy/opencv_masks/effect_sandbox/build/build-opencv-prefix/src/build-opencv-build/CMakeFiles/CheckTypeSize/OFF64_T.c
/home/arseniy/opencv_masks/effect_sandbox/build/build-opencv-prefix/src/build-opencv-build/CMakeFiles/CheckTypeSize/OFF64_T.c:23:22: error: ‘off64_t’ undeclared here (not in a function); did you mean ‘off_t’?
   23 | #define SIZE (sizeof(off64_t))
      |                      ^~~~~~~
/home/arseniy/opencv_masks/effect_sandbox/build/build-opencv-prefix/src/build-opencv-build/CMakeFiles/CheckTypeSize/OFF64_T.c:25:12: note: in expansion of macro ‘SIZE’
   25 |   ('0' + ((SIZE / 10000)%10)),
      |            ^~~~
make[4]: *** [CMakeFiles/cmTC_8fab8.dir/build.make:66: CMakeFiles/cmTC_8fab8.dir/OFF64_T.c.o] Ошибка 1
make[4]: выход из каталога «/home/arseniy/opencv_masks/effect_sandbox/build/build-opencv-prefix/src/build-opencv-build/CMakeFiles/CMakeTmp»
make[3]: *** [Makefile:121: cmTC_8fab8/fast] Ошибка 2
make[3]: выход из каталога «/home/arseniy/opencv_masks/effect_sandbox/build/build-opencv-prefix/src/build-opencv-build/CMakeFiles/CMakeTmp»


/home/arseniy/opencv_masks/effect_sandbox/build/build-opencv-prefix/src/build-opencv-build/CMakeFiles/CheckTypeSize/OFF64_T.c:
#include <sys/types.h>
#include <stdint.h>
#include <stddef.h>


#undef KEY
#if defined(__i386)
# define KEY '_','_','i','3','8','6'
#elif defined(__x86_64)
# define KEY '_','_','x','8','6','_','6','4'
#elif defined(__ppc__)
# define KEY '_','_','p','p','c','_','_'
#elif defined(__ppc64__)
# define KEY '_','_','p','p','c','6','4','_','_'
#elif defined(__aarch64__)
# define KEY '_','_','a','a','r','c','h','6','4','_','_'
#elif defined(__ARM_ARCH_7A__)
# define KEY '_','_','A','R','M','_','A','R','C','H','_','7','A','_','_'
#elif defined(__ARM_ARCH_7S__)
# define KEY '_','_','A','R','M','_','A','R','C','H','_','7','S','_','_'
#endif

#define SIZE (sizeof(off64_t))
static char info_size[] =  {'I', 'N', 'F', 'O', ':', 's','i','z','e','[',
  ('0' + ((SIZE / 10000)%10)),
  ('0' + ((SIZE / 1000)%10)),
  ('0' + ((SIZE / 100)%10)),
  ('0' + ((SIZE / 10)%10)),
  ('0' +  (SIZE    % 10)),
  ']',
#ifdef KEY
  ' ','k','e','y','[', KEY, ']',
#endif
  '\0'};

#ifdef __CLASSIC_C__
int main(argc, argv) int argc; char *argv[];
#else
int main(int argc, char *argv[])
#endif
{
  int require = 0;
  require += info_size[argc];
  (void)argv;
  return require;
}


Build output check failed:
    Regex: 'unrecognized .*option'
    Output line: 'cc1: warning: unrecognized command line option ‘-Wno-shorten-64-to-32’'
Compilation failed:
    source file: '/home/arseniy/opencv_masks/effect_sandbox/build/build-opencv-prefix/src/build-opencv-build/CMakeFiles/CMakeTmp/src.c'
    check option: ' -Wno-shorten-64-to-32'
===== BUILD LOG =====
Change Dir: /home/arseniy/opencv_masks/effect_sandbox/build/build-opencv-prefix/src/build-opencv-build/CMakeFiles/CMakeTmp

Run Build Command(s):/usr/bin/make cmTC_95ed5/fast && make[3]: вход в каталог «/home/arseniy/opencv_masks/effect_sandbox/build/build-opencv-prefix/src/build-opencv-build/CMakeFiles/CMakeTmp»
/usr/bin/make -f CMakeFiles/cmTC_95ed5.dir/build.make CMakeFiles/cmTC_95ed5.dir/build
make[4]: вход в каталог «/home/arseniy/opencv_masks/effect_sandbox/build/build-opencv-prefix/src/build-opencv-build/CMakeFiles/CMakeTmp»
Building C object CMakeFiles/cmTC_95ed5.dir/src.c.o
/usr/bin/cc   -fsigned-char -W -Wall -Werror=return-type -Werror=address -Werror=sequence-point -Wformat -Werror=format-security -Wmissing-declarations -Wmissing-prototypes -Wstrict-prototypes -Wundef -Winit-self -Wpointer-arith -Wshadow -Wuninitialized -Wno-comment -Wimplicit-fallthrough=3 -Wno-strict-overflow -fdiagnostics-show-option -Wno-long-long -pthread -fomit-frame-pointer -ffunction-sections -fdata-sections  -msse -msse2 -msse3 -mssse3 -msse4.1 -mpopcnt -msse4.2 -mf16c -mfma -mavx -mavx2 -fvisibility=hidden  -O3 -DNDEBUG  -DNDEBUG -fPIE    -Wno-shorten-64-to-32 -o CMakeFiles/cmTC_95ed5.dir/src.c.o   -c /home/arseniy/opencv_masks/effect_sandbox/build/build-opencv-prefix/src/build-opencv-build/CMakeFiles/CMakeTmp/src.c
/home/arseniy/opencv_masks/effect_sandbox/build/build-opencv-prefix/src/build-opencv-build/CMakeFiles/CMakeTmp/src.c:1: warning: ignoring #pragma   [-Wunknown-pragmas]
    1 | #pragma
      | 
cc1: warning: unrecognized command line option ‘-Wno-shorten-64-to-32’
Linking C executable cmTC_95ed5
/usr/bin/cmake -E cmake_link_script CMakeFiles/cmTC_95ed5.dir/link.txt --verbose=1
/usr/bin/cc    -fsigned-char -W -Wall -Werror=return-type -Werror=address -Werror=sequence-point -Wformat -Werror=format-security -Wmissing-declarations -Wmissing-prototypes -Wstrict-prototypes -Wundef -Winit-self -Wpointer-arith -Wshadow -Wuninitialized -Wno-comment -Wimplicit-fallthrough=3 -Wno-strict-overflow -fdiagnostics-show-option -Wno-long-long -pthread -fomit-frame-pointer -ffunction-sections -fdata-sections  -msse -msse2 -msse3 -mssse3 -msse4.1 -mpopcnt -msse4.2 -mf16c -mfma -mavx -mavx2 -fvisibility=hidden  -O3 -DNDEBUG  -DNDEBUG    -Wl,--gc-sections -Wl,--as-needed  CMakeFiles/cmTC_95ed5.dir/src.c.o  -o cmTC_95ed5 
make[4]: выход из каталога «/home/arseniy/opencv_masks/effect_sandbox/build/build-opencv-prefix/src/build-opencv-build/CMakeFiles/CMakeTmp»
make[3]: выход из каталога «/home/arseniy/opencv_masks/effect_sandbox/build/build-opencv-prefix/src/build-opencv-build/CMakeFiles/CMakeTmp»


===== END =====

Determining if the include file io.h exists failed with the following output:
Change Dir: /home/arseniy/opencv_masks/effect_sandbox/build/build-opencv-prefix/src/build-opencv-build/CMakeFiles/CMakeTmp

Run Build Command(s):/usr/bin/make cmTC_2cddf/fast && make[3]: вход в каталог «/home/arseniy/opencv_masks/effect_sandbox/build/build-opencv-prefix/src/build-opencv-build/CMakeFiles/CMakeTmp»
/usr/bin/make -f CMakeFiles/cmTC_2cddf.dir/build.make CMakeFiles/cmTC_2cddf.dir/build
make[4]: вход в каталог «/home/arseniy/opencv_masks/effect_sandbox/build/build-opencv-prefix/src/build-opencv-build/CMakeFiles/CMakeTmp»
Building C object CMakeFiles/cmTC_2cddf.dir/CheckIncludeFile.c.o
/usr/bin/cc   -fsigned-char -W -Wall -Werror=return-type -Werror=address -Werror=sequence-point -Wformat -Werror=format-security -Wmissing-declarations -Wmissing-prototypes -Wstrict-prototypes -Wundef -Winit-self -Wpointer-arith -Wshadow -Wuninitialized -Wno-comment -Wimplicit-fallthrough=3 -Wno-strict-overflow -fdiagnostics-show-option -Wno-long-long -pthread -fomit-frame-pointer -ffunction-sections -fdata-sections  -msse -msse2 -msse3 -mssse3 -msse4.1 -mpopcnt -msse4.2 -mf16c -mfma -mavx -mavx2 -fvisibility=hidden  -O3 -DNDEBUG  -DNDEBUG -fPIE   -o CMakeFiles/cmTC_2cddf.dir/CheckIncludeFile.c.o   -c /home/arseniy/opencv_masks/effect_sandbox/build/build-opencv-prefix/src/build-opencv-build/CMakeFiles/CMakeTmp/CheckIncludeFile.c
/home/arseniy/opencv_masks/effect_sandbox/build/build-opencv-prefix/src/build-opencv-build/CMakeFiles/CMakeTmp/CheckIncludeFile.c:1:10: fatal error: io.h: Нет такого файла или каталога
    1 | #include <io.h>
      |          ^~~~~~
compilation terminated.
make[4]: *** [CMakeFiles/cmTC_2cddf.dir/build.make:66: CMakeFiles/cmTC_2cddf.dir/CheckIncludeFile.c.o] Ошибка 1
make[4]: выход из каталога «/home/arseniy/opencv_masks/effect_sandbox/build/build-opencv-prefix/src/build-opencv-build/CMakeFiles/CMakeTmp»
make[3]: *** [Makefile:121: cmTC_2cddf/fast] Ошибка 2
make[3]: выход из каталога «/home/arseniy/opencv_masks/effect_sandbox/build/build-opencv-prefix/src/build-opencv-build/CMakeFiles/CMakeTmp»



Determining size of INT8 failed with the following output:
Change Dir: /home/arseniy/opencv_masks/effect_sandbox/build/build-opencv-prefix/src/build-opencv-build/CMakeFiles/CMakeTmp

Run Build Command(s):/usr/bin/make cmTC_c7142/fast && make[3]: вход в каталог «/home/arseniy/opencv_masks/effect_sandbox/build/build-opencv-prefix/src/build-opencv-build/CMakeFiles/CMakeTmp»
/usr/bin/make -f CMakeFiles/cmTC_c7142.dir/build.make CMakeFiles/cmTC_c7142.dir/build
make[4]: вход в каталог «/home/arseniy/opencv_masks/effect_sandbox/build/build-opencv-prefix/src/build-opencv-build/CMakeFiles/CMakeTmp»
Building C object CMakeFiles/cmTC_c7142.dir/int8.c.o
/usr/bin/cc   -fsigned-char -W -Wall -Werror=return-type -Werror=address -Werror=sequence-point -Wformat -Werror=format-security -Wmissing-declarations -Wmissing-prototypes -Wstrict-prototypes -Wundef -Winit-self -Wpointer-arith -Wshadow -Wuninitialized -Wno-comment -Wimplicit-fallthrough=3 -Wno-strict-overflow -fdiagnostics-show-option -Wno-long-long -pthread -fomit-frame-pointer -ffunction-sections -fdata-sections  -msse -msse2 -msse3 -mssse3 -msse4.1 -mpopcnt -msse4.2 -mf16c -mfma -mavx -mavx2 -fvisibility=hidden  -O3 -DNDEBUG  -DNDEBUG -fPIE   -o CMakeFiles/cmTC_c7142.dir/int8.c.o   -c /home/arseniy/opencv_masks/effect_sandbox/build/build-opencv-prefix/src/build-opencv-build/CMakeFiles/CheckTypeSize/int8.c
/home/arseniy/opencv_masks/effect_sandbox/build/build-opencv-prefix/src/build-opencv-build/CMakeFiles/CheckTypeSize/int8.c:23:22: error: ‘INT8’ undeclared here (not in a function); did you mean ‘INT8_C’?
   23 | #define SIZE (sizeof(INT8))
      |                      ^~~~
/home/arseniy/opencv_masks/effect_sandbox/build/build-opencv-prefix/src/build-opencv-build/CMakeFiles/CheckTypeSize/int8.c:25:12: note: in expansion of macro ‘SIZE’
   25 |   ('0' + ((SIZE / 10000)%10)),
      |            ^~~~
make[4]: *** [CMakeFiles/cmTC_c7142.dir/build.make:66: CMakeFiles/cmTC_c7142.dir/int8.c.o] Ошибка 1
make[4]: выход из каталога «/home/arseniy/opencv_masks/effect_sandbox/build/build-opencv-prefix/src/build-opencv-build/CMakeFiles/CMakeTmp»
make[3]: *** [Makefile:121: cmTC_c7142/fast] Ошибка 2
make[3]: выход из каталога «/home/arseniy/opencv_masks/effect_sandbox/build/build-opencv-prefix/src/build-opencv-build/CMakeFiles/CMakeTmp»


/home/arseniy/opencv_masks/effect_sandbox/build/build-opencv-prefix/src/build-opencv-build/CMakeFiles/CheckTypeSize/int8.c:
#include <sys/types.h>
#include <stdint.h>
#include <stddef.h>


#undef KEY
#if defined(__i386)
# define KEY '_','_','i','3','8','6'
#elif defined(__x86_64)
# define KEY '_','_','x','8','6','_','6','4'
#elif defined(__ppc__)
# define KEY '_','_','p','p','c','_','_'
#elif defined(__ppc64__)
# define KEY '_','_','p','p','c','6','4','_','_'
#elif defined(__aarch64__)
# define KEY '_','_','a','a','r','c','h','6','4','_','_'
#elif defined(__ARM_ARCH_7A__)
# define KEY '_','_','A','R','M','_','A','R','C','H','_','7','A','_','_'
#elif defined(__ARM_ARCH_7S__)
# define KEY '_','_','A','R','M','_','A','R','C','H','_','7','S','_','_'
#endif

#define SIZE (sizeof(INT8))
static char info_size[] =  {'I', 'N', 'F', 'O', ':', 's','i','z','e','[',
  ('0' + ((SIZE / 10000)%10)),
  ('0' + ((SIZE / 1000)%10)),
  ('0' + ((SIZE / 100)%10)),
  ('0' + ((SIZE / 10)%10)),
  ('0' +  (SIZE    % 10)),
  ']',
#ifdef KEY
  ' ','k','e','y','[', KEY, ']',
#endif
  '\0'};

#ifdef __CLASSIC_C__
int main(argc, argv) int argc; char *argv[];
#else
int main(int argc, char *argv[])
#endif
{
  int require = 0;
  require += info_size[argc];
  (void)argv;
  return require;
}


Determining size of INT16 failed with the following output:
Change Dir: /home/arseniy/opencv_masks/effect_sandbox/build/build-opencv-prefix/src/build-opencv-build/CMakeFiles/CMakeTmp

Run Build Command(s):/usr/bin/make cmTC_4149f/fast && make[3]: вход в каталог «/home/arseniy/opencv_masks/effect_sandbox/build/build-opencv-prefix/src/build-opencv-build/CMakeFiles/CMakeTmp»
/usr/bin/make -f CMakeFiles/cmTC_4149f.dir/build.make CMakeFiles/cmTC_4149f.dir/build
make[4]: вход в каталог «/home/arseniy/opencv_masks/effect_sandbox/build/build-opencv-prefix/src/build-opencv-build/CMakeFiles/CMakeTmp»
Building C object CMakeFiles/cmTC_4149f.dir/int16.c.o
/usr/bin/cc   -fsigned-char -W -Wall -Werror=return-type -Werror=address -Werror=sequence-point -Wformat -Werror=format-security -Wmissing-declarations -Wmissing-prototypes -Wstrict-prototypes -Wundef -Winit-self -Wpointer-arith -Wshadow -Wuninitialized -Wno-comment -Wimplicit-fallthrough=3 -Wno-strict-overflow -fdiagnostics-show-option -Wno-long-long -pthread -fomit-frame-pointer -ffunction-sections -fdata-sections  -msse -msse2 -msse3 -mssse3 -msse4.1 -mpopcnt -msse4.2 -mf16c -mfma -mavx -mavx2 -fvisibility=hidden  -O3 -DNDEBUG  -DNDEBUG -fPIE   -o CMakeFiles/cmTC_4149f.dir/int16.c.o   -c /home/arseniy/opencv_masks/effect_sandbox/build/build-opencv-prefix/src/build-opencv-build/CMakeFiles/CheckTypeSize/int16.c
/home/arseniy/opencv_masks/effect_sandbox/build/build-opencv-prefix/src/build-opencv-build/CMakeFiles/CheckTypeSize/int16.c:23:22: error: ‘INT16’ undeclared here (not in a function); did you mean ‘INT16_C’?
   23 | #define SIZE (sizeof(INT16))
      |                      ^~~~~
/home/arseniy/opencv_masks/effect_sandbox/build/build-opencv-prefix/src/build-opencv-build/CMakeFiles/CheckTypeSize/int16.c:25:12: note: in expansion of macro ‘SIZE’
   25 |   ('0' + ((SIZE / 10000)%10)),
      |            ^~~~
make[4]: *** [CMakeFiles/cmTC_4149f.dir/build.make:66: CMakeFiles/cmTC_4149f.dir/int16.c.o] Ошибка 1
make[4]: выход из каталога «/home/arseniy/opencv_masks/effect_sandbox/build/build-opencv-prefix/src/build-opencv-build/CMakeFiles/CMakeTmp»
make[3]: *** [Makefile:121: cmTC_4149f/fast] Ошибка 2
make[3]: выход из каталога «/home/arseniy/opencv_masks/effect_sandbox/build/build-opencv-prefix/src/build-opencv-build/CMakeFiles/CMakeTmp»


/home/arseniy/opencv_masks/effect_sandbox/build/build-opencv-prefix/src/build-opencv-build/CMakeFiles/CheckTypeSize/int16.c:
#include <sys/types.h>
#include <stdint.h>
#include <stddef.h>


#undef KEY
#if defined(__i386)
# define KEY '_','_','i','3','8','6'
#elif defined(__x86_64)
# define KEY '_','_','x','8','6','_','6','4'
#elif defined(__ppc__)
# define KEY '_','_','p','p','c','_','_'
#elif defined(__ppc64__)
# define KEY '_','_','p','p','c','6','4','_','_'
#elif defined(__aarch64__)
# define KEY '_','_','a','a','r','c','h','6','4','_','_'
#elif defined(__ARM_ARCH_7A__)
# define KEY '_','_','A','R','M','_','A','R','C','H','_','7','A','_','_'
#elif defined(__ARM_ARCH_7S__)
# define KEY '_','_','A','R','M','_','A','R','C','H','_','7','S','_','_'
#endif

#define SIZE (sizeof(INT16))
static char info_size[] =  {'I', 'N', 'F', 'O', ':', 's','i','z','e','[',
  ('0' + ((SIZE / 10000)%10)),
  ('0' + ((SIZE / 1000)%10)),
  ('0' + ((SIZE / 100)%10)),
  ('0' + ((SIZE / 10)%10)),
  ('0' +  (SIZE    % 10)),
  ']',
#ifdef KEY
  ' ','k','e','y','[', KEY, ']',
#endif
  '\0'};

#ifdef __CLASSIC_C__
int main(argc, argv) int argc; char *argv[];
#else
int main(int argc, char *argv[])
#endif
{
  int require = 0;
  require += info_size[argc];
  (void)argv;
  return require;
}


Determining size of INT32 failed with the following output:
Change Dir: /home/arseniy/opencv_masks/effect_sandbox/build/build-opencv-prefix/src/build-opencv-build/CMakeFiles/CMakeTmp

Run Build Command(s):/usr/bin/make cmTC_8f72b/fast && make[3]: вход в каталог «/home/arseniy/opencv_masks/effect_sandbox/build/build-opencv-prefix/src/build-opencv-build/CMakeFiles/CMakeTmp»
/usr/bin/make -f CMakeFiles/cmTC_8f72b.dir/build.make CMakeFiles/cmTC_8f72b.dir/build
make[4]: вход в каталог «/home/arseniy/opencv_masks/effect_sandbox/build/build-opencv-prefix/src/build-opencv-build/CMakeFiles/CMakeTmp»
Building C object CMakeFiles/cmTC_8f72b.dir/int32.c.o
/usr/bin/cc   -fsigned-char -W -Wall -Werror=return-type -Werror=address -Werror=sequence-point -Wformat -Werror=format-security -Wmissing-declarations -Wmissing-prototypes -Wstrict-prototypes -Wundef -Winit-self -Wpointer-arith -Wshadow -Wuninitialized -Wno-comment -Wimplicit-fallthrough=3 -Wno-strict-overflow -fdiagnostics-show-option -Wno-long-long -pthread -fomit-frame-pointer -ffunction-sections -fdata-sections  -msse -msse2 -msse3 -mssse3 -msse4.1 -mpopcnt -msse4.2 -mf16c -mfma -mavx -mavx2 -fvisibility=hidden  -O3 -DNDEBUG  -DNDEBUG -fPIE   -o CMakeFiles/cmTC_8f72b.dir/int32.c.o   -c /home/arseniy/opencv_masks/effect_sandbox/build/build-opencv-prefix/src/build-opencv-build/CMakeFiles/CheckTypeSize/int32.c
/home/arseniy/opencv_masks/effect_sandbox/build/build-opencv-prefix/src/build-opencv-build/CMakeFiles/CheckTypeSize/int32.c:23:22: error: ‘INT32’ undeclared here (not in a function); did you mean ‘INT32_C’?
   23 | #define SIZE (sizeof(INT32))
      |                      ^~~~~
/home/arseniy/opencv_masks/effect_sandbox/build/build-opencv-prefix/src/build-opencv-build/CMakeFiles/CheckTypeSize/int32.c:25:12: note: in expansion of macro ‘SIZE’
   25 |   ('0' + ((SIZE / 10000)%10)),
      |            ^~~~
make[4]: *** [CMakeFiles/cmTC_8f72b.dir/build.make:66: CMakeFiles/cmTC_8f72b.dir/int32.c.o] Ошибка 1
make[4]: выход из каталога «/home/arseniy/opencv_masks/effect_sandbox/build/build-opencv-prefix/src/build-opencv-build/CMakeFiles/CMakeTmp»
make[3]: *** [Makefile:121: cmTC_8f72b/fast] Ошибка 2
make[3]: выход из каталога «/home/arseniy/opencv_masks/effect_sandbox/build/build-opencv-prefix/src/build-opencv-build/CMakeFiles/CMakeTmp»


/home/arseniy/opencv_masks/effect_sandbox/build/build-opencv-prefix/src/build-opencv-build/CMakeFiles/CheckTypeSize/int32.c:
#include <sys/types.h>
#include <stdint.h>
#include <stddef.h>


#undef KEY
#if defined(__i386)
# define KEY '_','_','i','3','8','6'
#elif defined(__x86_64)
# define KEY '_','_','x','8','6','_','6','4'
#elif defined(__ppc__)
# define KEY '_','_','p','p','c','_','_'
#elif defined(__ppc64__)
# define KEY '_','_','p','p','c','6','4','_','_'
#elif defined(__aarch64__)
# define KEY '_','_','a','a','r','c','h','6','4','_','_'
#elif defined(__ARM_ARCH_7A__)
# define KEY '_','_','A','R','M','_','A','R','C','H','_','7','A','_','_'
#elif defined(__ARM_ARCH_7S__)
# define KEY '_','_','A','R','M','_','A','R','C','H','_','7','S','_','_'
#endif

#define SIZE (sizeof(INT32))
static char info_size[] =  {'I', 'N', 'F', 'O', ':', 's','i','z','e','[',
  ('0' + ((SIZE / 10000)%10)),
  ('0' + ((SIZE / 1000)%10)),
  ('0' + ((SIZE / 100)%10)),
  ('0' + ((SIZE / 10)%10)),
  ('0' +  (SIZE    % 10)),
  ']',
#ifdef KEY
  ' ','k','e','y','[', KEY, ']',
#endif
  '\0'};

#ifdef __CLASSIC_C__
int main(argc, argv) int argc; char *argv[];
#else
int main(int argc, char *argv[])
#endif
{
  int require = 0;
  require += info_size[argc];
  (void)argv;
  return require;
}


Determining if the function setmode exists failed with the following output:
Change Dir: /home/arseniy/opencv_masks/effect_sandbox/build/build-opencv-prefix/src/build-opencv-build/CMakeFiles/CMakeTmp

Run Build Command(s):/usr/bin/make cmTC_43ed2/fast && make[3]: вход в каталог «/home/arseniy/opencv_masks/effect_sandbox/build/build-opencv-prefix/src/build-opencv-build/CMakeFiles/CMakeTmp»
/usr/bin/make -f CMakeFiles/cmTC_43ed2.dir/build.make CMakeFiles/cmTC_43ed2.dir/build
make[4]: вход в каталог «/home/arseniy/opencv_masks/effect_sandbox/build/build-opencv-prefix/src/build-opencv-build/CMakeFiles/CMakeTmp»
Building C object CMakeFiles/cmTC_43ed2.dir/CheckFunctionExists.c.o
/usr/bin/cc   -fsigned-char -W -Wall -Werror=return-type -Werror=address -Werror=sequence-point -Wformat -Werror=format-security -Wmissing-declarations -Wmissing-prototypes -Wstrict-prototypes -Wundef -Winit-self -Wpointer-arith -Wshadow -Wuninitialized -Wno-comment -Wimplicit-fallthrough=3 -Wno-strict-overflow -fdiagnostics-show-option -Wno-long-long -pthread -fomit-frame-pointer -ffunction-sections -fdata-sections  -msse -msse2 -msse3 -mssse3 -msse4.1 -mpopcnt -msse4.2 -mf16c -mfma -mavx -mavx2 -fvisibility=hidden -DCHECK_FUNCTION_EXISTS=setmode -O3 -DNDEBUG  -DNDEBUG -fPIE   -o CMakeFiles/cmTC_43ed2.dir/CheckFunctionExists.c.o   -c /usr/share/cmake-3.16/Modules/CheckFunctionExists.c
Linking C executable cmTC_43ed2
/usr/bin/cmake -E cmake_link_script CMakeFiles/cmTC_43ed2.dir/link.txt --verbose=1
/usr/bin/cc    -fsigned-char -W -Wall -Werror=return-type -Werror=address -Werror=sequence-point -Wformat -Werror=format-security -Wmissing-declarations -Wmissing-prototypes -Wstrict-prototypes -Wundef -Winit-self -Wpointer-arith -Wshadow -Wuninitialized -Wno-comment -Wimplicit-fallthrough=3 -Wno-strict-overflow -fdiagnostics-show-option -Wno-long-long -pthread -fomit-frame-pointer -ffunction-sections -fdata-sections  -msse -msse2 -msse3 -mssse3 -msse4.1 -mpopcnt -msse4.2 -mf16c -mfma -mavx -mavx2 -fvisibility=hidden -DCHECK_FUNCTION_EXISTS=setmode -O3 -DNDEBUG  -DNDEBUG    -Wl,--gc-sections -Wl,--as-needed  CMakeFiles/cmTC_43ed2.dir/CheckFunctionExists.c.o  -o cmTC_43ed2 
/usr/bin/ld: CMakeFiles/cmTC_43ed2.dir/CheckFunctionExists.c.o: в функции «main»:
CheckFunctionExists.c:(.text.startup.main+0x10): неопределённая ссылка на «setmode»
collect2: error: ld returned 1 exit status
make[4]: *** [CMakeFiles/cmTC_43ed2.dir/build.make:87: cmTC_43ed2] Ошибка 1
make[4]: выход из каталога «/home/arseniy/opencv_masks/effect_sandbox/build/build-opencv-prefix/src/build-opencv-build/CMakeFiles/CMakeTmp»
make[3]: *** [Makefile:121: cmTC_43ed2/fast] Ошибка 2
make[3]: выход из каталога «/home/arseniy/opencv_masks/effect_sandbox/build/build-opencv-prefix/src/build-opencv-build/CMakeFiles/CMakeTmp»



Build output check failed:
    Regex: 'command[- ]line option .* is valid for .* but not for C\+\+'
    Output line: 'cc1plus: warning: command line option ‘-Wno-missing-prototypes’ is valid for C/ObjC but not for C++'
Compilation failed:
    source file: '/home/arseniy/opencv_masks/effect_sandbox/build/build-opencv-prefix/src/build-opencv-build/CMakeFiles/CMakeTmp/src.cxx'
    check option: ' -Wno-missing-prototypes'
===== BUILD LOG =====
Change Dir: /home/arseniy/opencv_masks/effect_sandbox/build/build-opencv-prefix/src/build-opencv-build/CMakeFiles/CMakeTmp

Run Build Command(s):/usr/bin/make cmTC_2d11c/fast && make[3]: вход в каталог «/home/arseniy/opencv_masks/effect_sandbox/build/build-opencv-prefix/src/build-opencv-build/CMakeFiles/CMakeTmp»
/usr/bin/make -f CMakeFiles/cmTC_2d11c.dir/build.make CMakeFiles/cmTC_2d11c.dir/build
make[4]: вход в каталог «/home/arseniy/opencv_masks/effect_sandbox/build/build-opencv-prefix/src/build-opencv-build/CMakeFiles/CMakeTmp»
Building CXX object CMakeFiles/cmTC_2d11c.dir/src.cxx.o
/usr/bin/c++    -fsigned-char -W -Wall -Werror=return-type -Werror=non-virtual-dtor -Werror=address -Werror=sequence-point -Wformat -Werror=format-security -Wundef -Winit-self -Wpointer-arith -Wshadow -Wsign-promo -Wuninitialized -Wsuggest-override -Wno-delete-non-virtual-dtor -Wno-comment -Wimplicit-fallthrough=3 -Wno-strict-overflow -fdiagnostics-show-option -Wno-long-long -pthread -fomit-frame-pointer -ffunction-sections -fdata-sections  -msse -msse2 -msse3 -mssse3 -msse4.1 -mpopcnt -msse4.2 -mf16c -mfma -mavx -mavx2 -fvisibility=hidden -fvisibility-inlines-hidden -Wno-missing-declarations -Wno-unused-parameter  -O3 -DNDEBUG  -DNDEBUG -fPIE    -Wno-missing-prototypes -std=c++11 -o CMakeFiles/cmTC_2d11c.dir/src.cxx.o -c /home/arseniy/opencv_masks/effect_sandbox/build/build-opencv-prefix/src/build-opencv-build/CMakeFiles/CMakeTmp/src.cxx
cc1plus: warning: command line option ‘-Wno-missing-prototypes’ is valid for C/ObjC but not for C++
/home/arseniy/opencv_masks/effect_sandbox/build/build-opencv-prefix/src/build-opencv-build/CMakeFiles/CMakeTmp/src.cxx:1: warning: ignoring #pragma   [-Wunknown-pragmas]
    1 | #pragma
      | 
Linking CXX executable cmTC_2d11c
/usr/bin/cmake -E cmake_link_script CMakeFiles/cmTC_2d11c.dir/link.txt --verbose=1
/usr/bin/c++     -fsigned-char -W -Wall -Werror=return-type -Werror=non-virtual-dtor -Werror=address -Werror=sequence-point -Wformat -Werror=format-security -Wundef -Winit-self -Wpointer-arith -Wshadow -Wsign-promo -Wuninitialized -Wsuggest-override -Wno-delete-non-virtual-dtor -Wno-comment -Wimplicit-fallthrough=3 -Wno-strict-overflow -fdiagnostics-show-option -Wno-long-long -pthread -fomit-frame-pointer -ffunction-sections -fdata-sections  -msse -msse2 -msse3 -mssse3 -msse4.1 -mpopcnt -msse4.2 -mf16c -mfma -mavx -mavx2 -fvisibility=hidden -fvisibility-inlines-hidden -Wno-missing-declarations -Wno-unused-parameter  -O3 -DNDEBUG  -DNDEBUG    -Wl,--gc-sections -Wl,--as-needed  CMakeFiles/cmTC_2d11c.dir/src.cxx.o  -o cmTC_2d11c 
make[4]: выход из каталога «/home/arseniy/opencv_masks/effect_sandbox/build/build-opencv-prefix/src/build-opencv-build/CMakeFiles/CMakeTmp»
make[3]: выход из каталога «/home/arseniy/opencv_masks/effect_sandbox/build/build-opencv-prefix/src/build-opencv-build/CMakeFiles/CMakeTmp»


===== END =====

Build output check failed:
    Regex: 'unrecognized .*option'
    Output line: 'cc1plus: warning: unrecognized command line option ‘-Wno-inconsistent-missing-override’'
Compilation failed:
    source file: '/home/arseniy/opencv_masks/effect_sandbox/build/build-opencv-prefix/src/build-opencv-build/CMakeFiles/CMakeTmp/src.cxx'
    check option: ' -Wno-inconsistent-missing-override'
===== BUILD LOG =====
Change Dir: /home/arseniy/opencv_masks/effect_sandbox/build/build-opencv-prefix/src/build-opencv-build/CMakeFiles/CMakeTmp

Run Build Command(s):/usr/bin/make cmTC_10dae/fast && make[3]: вход в каталог «/home/arseniy/opencv_masks/effect_sandbox/build/build-opencv-prefix/src/build-opencv-build/CMakeFiles/CMakeTmp»
/usr/bin/make -f CMakeFiles/cmTC_10dae.dir/build.make CMakeFiles/cmTC_10dae.dir/build
make[4]: вход в каталог «/home/arseniy/opencv_masks/effect_sandbox/build/build-opencv-prefix/src/build-opencv-build/CMakeFiles/CMakeTmp»
Building CXX object CMakeFiles/cmTC_10dae.dir/src.cxx.o
/usr/bin/c++    -fsigned-char -W -Wall -Werror=return-type -Werror=non-virtual-dtor -Werror=address -Werror=sequence-point -Wformat -Werror=format-security -Winit-self -Wpointer-arith -Wsign-promo -Wno-delete-non-virtual-dtor -Wno-comment -Wimplicit-fallthrough=3 -Wno-strict-overflow -fdiagnostics-show-option -Wno-long-long -pthread -fomit-frame-pointer -ffunction-sections -fdata-sections  -msse -msse2 -msse3 -mssse3 -msse4.1 -mpopcnt -msse4.2 -mf16c -mfma -mavx -mavx2 -fvisibility=hidden -fvisibility-inlines-hidden -Wno-shadow -Wno-unused -Wno-sign-compare -Wno-undef -Wno-missing-declarations -Wno-uninitialized -Wno-switch -Wno-parentheses -Wno-array-bounds -Wno-extra -Wno-deprecated-declarations -Wno-misleading-indentation -Wno-deprecated -Wno-suggest-override  -O3 -DNDEBUG  -DNDEBUG -fPIE    -Wno-inconsistent-missing-override -std=c++11 -o CMakeFiles/cmTC_10dae.dir/src.cxx.o -c /home/arseniy/opencv_masks/effect_sandbox/build/build-opencv-prefix/src/build-opencv-build/CMakeFiles/CMakeTmp/src.cxx
/home/arseniy/opencv_masks/effect_sandbox/build/build-opencv-prefix/src/build-opencv-build/CMakeFiles/CMakeTmp/src.cxx:1: warning: ignoring #pragma   [-Wunknown-pragmas]
    1 | #pragma
      | 
cc1plus: warning: unrecognized command line option ‘-Wno-inconsistent-missing-override’
Linking CXX executable cmTC_10dae
/usr/bin/cmake -E cmake_link_script CMakeFiles/cmTC_10dae.dir/link.txt --verbose=1
/usr/bin/c++     -fsigned-char -W -Wall -Werror=return-type -Werror=non-virtual-dtor -Werror=address -Werror=sequence-point -Wformat -Werror=format-security -Winit-self -Wpointer-arith -Wsign-promo -Wno-delete-non-virtual-dtor -Wno-comment -Wimplicit-fallthrough=3 -Wno-strict-overflow -fdiagnostics-show-option -Wno-long-long -pthread -fomit-frame-pointer -ffunction-sections -fdata-sections  -msse -msse2 -msse3 -mssse3 -msse4.1 -mpopcnt -msse4.2 -mf16c -mfma -mavx -mavx2 -fvisibility=hidden -fvisibility-inlines-hidden -Wno-shadow -Wno-unused -Wno-sign-compare -Wno-undef -Wno-missing-declarations -Wno-uninitialized -Wno-switch -Wno-parentheses -Wno-array-bounds -Wno-extra -Wno-deprecated-declarations -Wno-misleading-indentation -Wno-deprecated -Wno-suggest-override  -O3 -DNDEBUG  -DNDEBUG    -Wl,--gc-sections -Wl,--as-needed  CMakeFiles/cmTC_10dae.dir/src.cxx.o  -o cmTC_10dae 
make[4]: выход из каталога «/home/arseniy/opencv_masks/effect_sandbox/build/build-opencv-prefix/src/build-opencv-build/CMakeFiles/CMakeTmp»
make[3]: выход из каталога «/home/arseniy/opencv_masks/effect_sandbox/build/build-opencv-prefix/src/build-opencv-build/CMakeFiles/CMakeTmp»


===== END =====

Build output check failed:
    Regex: 'unrecognized .*option'
    Output line: 'cc1plus: warning: unrecognized command line option ‘-Wno-implicit-const-int-float-conversion’'
Compilation failed:
    source file: '/home/arseniy/opencv_masks/effect_sandbox/build/build-opencv-prefix/src/build-opencv-build/CMakeFiles/CMakeTmp/src.cxx'
    check option: ' -Wno-implicit-const-int-float-conversion'
===== BUILD LOG =====
Change Dir: /home/arseniy/opencv_masks/effect_sandbox/build/build-opencv-prefix/src/build-opencv-build/CMakeFiles/CMakeTmp

Run Build Command(s):/usr/bin/make cmTC_f279d/fast && make[3]: вход в каталог «/home/arseniy/opencv_masks/effect_sandbox/build/build-opencv-prefix/src/build-opencv-build/CMakeFiles/CMakeTmp»
/usr/bin/make -f CMakeFiles/cmTC_f279d.dir/build.make CMakeFiles/cmTC_f279d.dir/build
make[4]: вход в каталог «/home/arseniy/opencv_masks/effect_sandbox/build/build-opencv-prefix/src/build-opencv-build/CMakeFiles/CMakeTmp»
Building CXX object CMakeFiles/cmTC_f279d.dir/src.cxx.o
/usr/bin/c++    -fsigned-char -W -Wall -Werror=return-type -Werror=non-virtual-dtor -Werror=address -Werror=sequence-point -Wformat -Werror=format-security -Winit-self -Wpointer-arith -Wsign-promo -Wno-delete-non-virtual-dtor -Wno-comment -Wno-strict-overflow -fdiagnostics-show-option -Wno-long-long -pthread -fomit-frame-pointer -ffunction-sections -fdata-sections  -msse -msse2 -msse3 -mssse3 -msse4.1 -mpopcnt -msse4.2 -mf16c -mfma -mavx -mavx2 -fvisibility=hidden -fvisibility-inlines-hidden -Wno-shadow -Wno-unused -Wno-sign-compare -Wno-undef -Wno-missing-declarations -Wno-uninitialized -Wno-switch -Wno-parentheses -Wno-array-bounds -Wno-extra -Wno-deprecated-declarations -Wno-misleading-indentation -Wno-deprecated -Wno-suggest-override -Wno-implicit-fallthrough -Wno-tautological-compare -Wno-reorder -Wno-unused-result  -O3 -DNDEBUG  -DNDEBUG -fPIE    -Wno-implicit-const-int-float-conversion -std=c++11 -o CMakeFiles/cmTC_f279d.dir/src.cxx.o -c /home/arseniy/opencv_masks/effect_sandbox/build/build-opencv-prefix/src/build-opencv-build/CMakeFiles/CMakeTmp/src.cxx
/home/arseniy/opencv_masks/effect_sandbox/build/build-opencv-prefix/src/build-opencv-build/CMakeFiles/CMakeTmp/src.cxx:1: warning: ignoring #pragma   [-Wunknown-pragmas]
    1 | #pragma
      | 
cc1plus: warning: unrecognized command line option ‘-Wno-implicit-const-int-float-conversion’
Linking CXX executable cmTC_f279d
/usr/bin/cmake -E cmake_link_script CMakeFiles/cmTC_f279d.dir/link.txt --verbose=1
/usr/bin/c++     -fsigned-char -W -Wall -Werror=return-type -Werror=non-virtual-dtor -Werror=address -Werror=sequence-point -Wformat -Werror=format-security -Winit-self -Wpointer-arith -Wsign-promo -Wno-delete-non-virtual-dtor -Wno-comment -Wno-strict-overflow -fdiagnostics-show-option -Wno-long-long -pthread -fomit-frame-pointer -ffunction-sections -fdata-sections  -msse -msse2 -msse3 -mssse3 -msse4.1 -mpopcnt -msse4.2 -mf16c -mfma -mavx -mavx2 -fvisibility=hidden -fvisibility-inlines-hidden -Wno-shadow -Wno-unused -Wno-sign-compare -Wno-undef -Wno-missing-declarations -Wno-uninitialized -Wno-switch -Wno-parentheses -Wno-array-bounds -Wno-extra -Wno-deprecated-declarations -Wno-misleading-indentation -Wno-deprecated -Wno-suggest-override -Wno-implicit-fallthrough -Wno-tautological-compare -Wno-reorder -Wno-unused-result  -O3 -DNDEBUG  -DNDEBUG    -Wl,--gc-sections -Wl,--as-needed  CMakeFiles/cmTC_f279d.dir/src.cxx.o  -o cmTC_f279d 
make[4]: выход из каталога «/home/arseniy/opencv_masks/effect_sandbox/build/build-opencv-prefix/src/build-opencv-build/CMakeFiles/CMakeTmp»
make[3]: выход из каталога «/home/arseniy/opencv_masks/effect_sandbox/build/build-opencv-prefix/src/build-opencv-build/CMakeFiles/CMakeTmp»


===== END =====

Build output check failed:
    Regex: 'unrecognized .*option'
    Output line: 'cc1plus: warning: unrecognized command line option ‘-Wno-tautological-undefined-compare’'
Compilation failed:
    source file: '/home/arseniy/opencv_masks/effect_sandbox/build/build-opencv-prefix/src/build-opencv-build/CMakeFiles/CMakeTmp/src.cxx'
    check option: ' -Wno-tautological-undefined-compare'
===== BUILD LOG =====
Change Dir: /home/arseniy/opencv_masks/effect_sandbox/build/build-opencv-prefix/src/build-opencv-build/CMakeFiles/CMakeTmp

Run Build Command(s):/usr/bin/make cmTC_a715c/fast && make[3]: вход в каталог «/home/arseniy/opencv_masks/effect_sandbox/build/build-opencv-prefix/src/build-opencv-build/CMakeFiles/CMakeTmp»
/usr/bin/make -f CMakeFiles/cmTC_a715c.dir/build.make CMakeFiles/cmTC_a715c.dir/build
make[4]: вход в каталог «/home/arseniy/opencv_masks/effect_sandbox/build/build-opencv-prefix/src/build-opencv-build/CMakeFiles/CMakeTmp»
Building CXX object CMakeFiles/cmTC_a715c.dir/src.cxx.o
/usr/bin/c++    -fsigned-char -W -Wall -Werror=return-type -Werror=non-virtual-dtor -Werror=address -Werror=sequence-point -Wformat -Werror=format-security -Winit-self -Wpointer-arith -Wuninitialized -Wsuggest-override -Wno-delete-non-virtual-dtor -Wno-comment -Wimplicit-fallthrough=3 -Wno-strict-overflow -fdiagnostics-show-option -Wno-long-long -pthread -fomit-frame-pointer -ffunction-sections -fdata-sections  -msse -msse2 -msse3 -mssse3 -msse4.1 -mpopcnt -msse4.2 -mf16c -mfma -mavx -mavx2 -fvisibility=hidden -fvisibility-inlines-hidden -Wno-deprecated -Wno-missing-declarations -Wno-shadow -Wno-unused-parameter -Wno-unused-local-typedefs -Wno-sign-compare -Wno-sign-promo -Wno-undef  -O3 -DNDEBUG  -DNDEBUG -fPIE    -Wno-tautological-undefined-compare -std=c++11 -o CMakeFiles/cmTC_a715c.dir/src.cxx.o -c /home/arseniy/opencv_masks/effect_sandbox/build/build-opencv-prefix/src/build-opencv-build/CMakeFiles/CMakeTmp/src.cxx
/home/arseniy/opencv_masks/effect_sandbox/build/build-opencv-prefix/src/build-opencv-build/CMakeFiles/CMakeTmp/src.cxx:1: warning: ignoring #pragma   [-Wunknown-pragmas]
    1 | #pragma
      | 
cc1plus: warning: unrecognized command line option ‘-Wno-tautological-undefined-compare’
Linking CXX executable cmTC_a715c
/usr/bin/cmake -E cmake_link_script CMakeFiles/cmTC_a715c.dir/link.txt --verbose=1
/usr/bin/c++     -fsigned-char -W -Wall -Werror=return-type -Werror=non-virtual-dtor -Werror=address -Werror=sequence-point -Wformat -Werror=format-security -Winit-self -Wpointer-arith -Wuninitialized -Wsuggest-override -Wno-delete-non-virtual-dtor -Wno-comment -Wimplicit-fallthrough=3 -Wno-strict-overflow -fdiagnostics-show-option -Wno-long-long -pthread -fomit-frame-pointer -ffunction-sections -fdata-sections  -msse -msse2 -msse3 -mssse3 -msse4.1 -mpopcnt -msse4.2 -mf16c -mfma -mavx -mavx2 -fvisibility=hidden -fvisibility-inlines-hidden -Wno-deprecated -Wno-missing-declarations -Wno-shadow -Wno-unused-parameter -Wno-unused-local-typedefs -Wno-sign-compare -Wno-sign-promo -Wno-undef  -O3 -DNDEBUG  -DNDEBUG    -Wl,--gc-sections -Wl,--as-needed  CMakeFiles/cmTC_a715c.dir/src.cxx.o  -o cmTC_a715c 
make[4]: выход из каталога «/home/arseniy/opencv_masks/effect_sandbox/build/build-opencv-prefix/src/build-opencv-build/CMakeFiles/CMakeTmp»
make[3]: выход из каталога «/home/arseniy/opencv_masks/effect_sandbox/build/build-opencv-prefix/src/build-opencv-build/CMakeFiles/CMakeTmp»


===== END =====

Build output check failed:
    Regex: 'unrecognized .*option'
    Output line: 'cc1plus: warning: unrecognized command line option ‘-Wno-shorten-64-to-32’'
Compilation failed:
    source file: '/home/arseniy/opencv_masks/effect_sandbox/build/build-opencv-prefix/src/build-opencv-build/CMakeFiles/CMakeTmp/src.cxx'
    check option: ' -Wno-shorten-64-to-32'
===== BUILD LOG =====
Change Dir: /home/arseniy/opencv_masks/effect_sandbox/build/build-opencv-prefix/src/build-opencv-build/CMakeFiles/CMakeTmp

Run Build Command(s):/usr/bin/make cmTC_8575b/fast && make[3]: вход в каталог «/home/arseniy/opencv_masks/effect_sandbox/build/build-opencv-prefix/src/build-opencv-build/CMakeFiles/CMakeTmp»
/usr/bin/make -f CMakeFiles/cmTC_8575b.dir/build.make CMakeFiles/cmTC_8575b.dir/build
make[4]: вход в каталог «/home/arseniy/opencv_masks/effect_sandbox/build/build-opencv-prefix/src/build-opencv-build/CMakeFiles/CMakeTmp»
Building CXX object CMakeFiles/cmTC_8575b.dir/src.cxx.o
/usr/bin/c++    -fsigned-char -W -Wall -Werror=return-type -Werror=non-virtual-dtor -Werror=address -Werror=sequence-point -Wformat -Werror=format-security -Winit-self -Wpointer-arith -Wuninitialized -Wsuggest-override -Wno-delete-non-virtual-dtor -Wno-comment -Wimplicit-fallthrough=3 -Wno-strict-overflow -fdiagnostics-show-option -Wno-long-long -pthread -fomit-frame-pointer -ffunction-sections -fdata-sections  -msse -msse2 -msse3 -mssse3 -msse4.1 -mpopcnt -msse4.2 -mf16c -mfma -mavx -mavx2 -fvisibility=hidden -fvisibility-inlines-hidden -Wno-deprecated -Wno-missing-declarations -Wno-shadow -Wno-unused-parameter -Wno-unused-local-typedefs -Wno-sign-compare -Wno-sign-promo -Wno-undef -Wno-ignored-qualifiers -Wno-extra -Wno-unused-function -Wno-unused-const-variable  -O3 -DNDEBUG  -DNDEBUG -fPIE    -Wno-shorten-64-to-32 -std=c++11 -o CMakeFiles/cmTC_8575b.dir/src.cxx.o -c /home/arseniy/opencv_masks/effect_sandbox/build/build-opencv-prefix/src/build-opencv-build/CMakeFiles/CMakeTmp/src.cxx
/home/arseniy/opencv_masks/effect_sandbox/build/build-opencv-prefix/src/build-opencv-build/CMakeFiles/CMakeTmp/src.cxx:1: warning: ignoring #pragma   [-Wunknown-pragmas]
    1 | #pragma
      | 
cc1plus: warning: unrecognized command line option ‘-Wno-shorten-64-to-32’
Linking CXX executable cmTC_8575b
/usr/bin/cmake -E cmake_link_script CMakeFiles/cmTC_8575b.dir/link.txt --verbose=1
/usr/bin/c++     -fsigned-char -W -Wall -Werror=return-type -Werror=non-virtual-dtor -Werror=address -Werror=sequence-point -Wformat -Werror=format-security -Winit-self -Wpointer-arith -Wuninitialized -Wsuggest-override -Wno-delete-non-virtual-dtor -Wno-comment -Wimplicit-fallthrough=3 -Wno-strict-overflow -fdiagnostics-show-option -Wno-long-long -pthread -fomit-frame-pointer -ffunction-sections -fdata-sections  -msse -msse2 -msse3 -mssse3 -msse4.1 -mpopcnt -msse4.2 -mf16c -mfma -mavx -mavx2 -fvisibility=hidden -fvisibility-inlines-hidden -Wno-deprecated -Wno-missing-declarations -Wno-shadow -Wno-unused-parameter -Wno-unused-local-typedefs -Wno-sign-compare -Wno-sign-promo -Wno-undef -Wno-ignored-qualifiers -Wno-extra -Wno-unused-function -Wno-unused-const-variable  -O3 -DNDEBUG  -DNDEBUG    -Wl,--gc-sections -Wl,--as-needed  CMakeFiles/cmTC_8575b.dir/src.cxx.o  -o cmTC_8575b 
make[4]: выход из каталога «/home/arseniy/opencv_masks/effect_sandbox/build/build-opencv-prefix/src/build-opencv-build/CMakeFiles/CMakeTmp»
make[3]: выход из каталога «/home/arseniy/opencv_masks/effect_sandbox/build/build-opencv-prefix/src/build-opencv-build/CMakeFiles/CMakeTmp»


===== END =====

Build output check failed:
    Regex: 'unrecognized .*option'
    Output line: 'cc1plus: warning: unrecognized command line option ‘-Wno-enum-compare-switch’'
Compilation failed:
    source file: '/home/arseniy/opencv_masks/effect_sandbox/build/build-opencv-prefix/src/build-opencv-build/CMakeFiles/CMakeTmp/src.cxx'
    check option: ' -Wno-enum-compare-switch'
===== BUILD LOG =====
Change Dir: /home/arseniy/opencv_masks/effect_sandbox/build/build-opencv-prefix/src/build-opencv-build/CMakeFiles/CMakeTmp

Run Build Command(s):/usr/bin/make cmTC_6de30/fast && make[3]: вход в каталог «/home/arseniy/opencv_masks/effect_sandbox/build/build-opencv-prefix/src/build-opencv-build/CMakeFiles/CMakeTmp»
/usr/bin/make -f CMakeFiles/cmTC_6de30.dir/build.make CMakeFiles/cmTC_6de30.dir/build
make[4]: вход в каталог «/home/arseniy/opencv_masks/effect_sandbox/build/build-opencv-prefix/src/build-opencv-build/CMakeFiles/CMakeTmp»
Building CXX object CMakeFiles/cmTC_6de30.dir/src.cxx.o
/usr/bin/c++    -fsigned-char -W -Wall -Werror=return-type -Werror=non-virtual-dtor -Werror=address -Werror=sequence-point -Wformat -Werror=format-security -Winit-self -Wpointer-arith -Wuninitialized -Wsuggest-override -Wno-delete-non-virtual-dtor -Wno-comment -Wimplicit-fallthrough=3 -Wno-strict-overflow -fdiagnostics-show-option -Wno-long-long -pthread -fomit-frame-pointer -ffunction-sections -fdata-sections  -msse -msse2 -msse3 -mssse3 -msse4.1 -mpopcnt -msse4.2 -mf16c -mfma -mavx -mavx2 -fvisibility=hidden -fvisibility-inlines-hidden -Wno-deprecated -Wno-missing-declarations -Wno-shadow -Wno-unused-parameter -Wno-unused-local-typedefs -Wno-sign-compare -Wno-sign-promo -Wno-undef -Wno-ignored-qualifiers -Wno-extra -Wno-unused-function -Wno-unused-const-variable -Wno-invalid-offsetof  -O3 -DNDEBUG  -DNDEBUG -fPIE    -Wno-enum-compare-switch -std=c++11 -o CMakeFiles/cmTC_6de30.dir/src.cxx.o -c /home/arseniy/opencv_masks/effect_sandbox/build/build-opencv-prefix/src/build-opencv-build/CMakeFiles/CMakeTmp/src.cxx
/home/arseniy/opencv_masks/effect_sandbox/build/build-opencv-prefix/src/build-opencv-build/CMakeFiles/CMakeTmp/src.cxx:1: warning: ignoring #pragma   [-Wunknown-pragmas]
    1 | #pragma
      | 
cc1plus: warning: unrecognized command line option ‘-Wno-enum-compare-switch’
Linking CXX executable cmTC_6de30
/usr/bin/cmake -E cmake_link_script CMakeFiles/cmTC_6de30.dir/link.txt --verbose=1
/usr/bin/c++     -fsigned-char -W -Wall -Werror=return-type -Werror=non-virtual-dtor -Werror=address -Werror=sequence-point -Wformat -Werror=format-security -Winit-self -Wpointer-arith -Wuninitialized -Wsuggest-override -Wno-delete-non-virtual-dtor -Wno-comment -Wimplicit-fallthrough=3 -Wno-strict-overflow -fdiagnostics-show-option -Wno-long-long -pthread -fomit-frame-pointer -ffunction-sections -fdata-sections  -msse -msse2 -msse3 -mssse3 -msse4.1 -mpopcnt -msse4.2 -mf16c -mfma -mavx -mavx2 -fvisibility=hidden -fvisibility-inlines-hidden -Wno-deprecated -Wno-missing-declarations -Wno-shadow -Wno-unused-parameter -Wno-unused-local-typedefs -Wno-sign-compare -Wno-sign-promo -Wno-undef -Wno-ignored-qualifiers -Wno-extra -Wno-unused-function -Wno-unused-const-variable -Wno-invalid-offsetof  -O3 -DNDEBUG  -DNDEBUG    -Wl,--gc-sections -Wl,--as-needed  CMakeFiles/cmTC_6de30.dir/src.cxx.o  -o cmTC_6de30 
make[4]: выход из каталога «/home/arseniy/opencv_masks/effect_sandbox/build/build-opencv-prefix/src/build-opencv-build/CMakeFiles/CMakeTmp»
make[3]: выход из каталога «/home/arseniy/opencv_masks/effect_sandbox/build/build-opencv-prefix/src/build-opencv-build/CMakeFiles/CMakeTmp»


===== END =====

Determining if the include file sys/videoio.h exists failed with the following output:
Change Dir: /home/arseniy/opencv_masks/effect_sandbox/build/build-opencv-prefix/src/build-opencv-build/CMakeFiles/CMakeTmp

Run Build Command(s):/usr/bin/make cmTC_24900/fast && make[3]: вход в каталог «/home/arseniy/opencv_masks/effect_sandbox/build/build-opencv-prefix/src/build-opencv-build/CMakeFiles/CMakeTmp»
/usr/bin/make -f CMakeFiles/cmTC_24900.dir/build.make CMakeFiles/cmTC_24900.dir/build
make[4]: вход в каталог «/home/arseniy/opencv_masks/effect_sandbox/build/build-opencv-prefix/src/build-opencv-build/CMakeFiles/CMakeTmp»
Building C object CMakeFiles/cmTC_24900.dir/CheckIncludeFile.c.o
/usr/bin/cc   -fsigned-char -W -Wall -Werror=return-type -Werror=address -Werror=sequence-point -Wformat -Werror=format-security -Wmissing-declarations -Wmissing-prototypes -Wstrict-prototypes -Wundef -Winit-self -Wpointer-arith -Wshadow -Wuninitialized -Wno-comment -Wimplicit-fallthrough=3 -Wno-strict-overflow -fdiagnostics-show-option -Wno-long-long -pthread -fomit-frame-pointer -ffunction-sections -fdata-sections  -msse -msse2 -msse3 -mssse3 -msse4.1 -mpopcnt -msse4.2 -mf16c -mfma -mavx -mavx2 -fvisibility=hidden  -O3 -DNDEBUG  -DNDEBUG -fPIE   -o CMakeFiles/cmTC_24900.dir/CheckIncludeFile.c.o   -c /home/arseniy/opencv_masks/effect_sandbox/build/build-opencv-prefix/src/build-opencv-build/CMakeFiles/CMakeTmp/CheckIncludeFile.c
/home/arseniy/opencv_masks/effect_sandbox/build/build-opencv-prefix/src/build-opencv-build/CMakeFiles/CMakeTmp/CheckIncludeFile.c:1:10: fatal error: sys/videoio.h: Нет такого файла или каталога
    1 | #include <sys/videoio.h>
      |          ^~~~~~~~~~~~~~~
compilation terminated.
make[4]: *** [CMakeFiles/cmTC_24900.dir/build.make:66: CMakeFiles/cmTC_24900.dir/CheckIncludeFile.c.o] Ошибка 1
make[4]: выход из каталога «/home/arseniy/opencv_masks/effect_sandbox/build/build-opencv-prefix/src/build-opencv-build/CMakeFiles/CMakeTmp»
make[3]: *** [Makefile:121: cmTC_24900/fast] Ошибка 2
make[3]: выход из каталога «/home/arseniy/opencv_masks/effect_sandbox/build/build-opencv-prefix/src/build-opencv-build/CMakeFiles/CMakeTmp»



